17:27:20 INFO  : Launching XSCT server: xsct.bat -n  -interactive C:\Users\johnr\Projects\EmbeddedSystems2_FinalProject\singlePmods\workspace_gps\temp_xsdb_launch_script.tcl
17:27:20 INFO  : Registering command handlers for Vitis TCF services
17:27:20 INFO  : Platform repository initialization has completed.
17:27:27 INFO  : XSCT server has started successfully.
17:27:27 INFO  : plnx-install-location is set to ''
17:27:33 INFO  : Successfully done setting XSCT server connection channel  
17:27:33 INFO  : Successfully done query RDI_DATADIR 
17:27:33 INFO  : Successfully done setting workspace for the tool. 
17:29:15 INFO  : Result from executing command 'getProjects': gps_design_wrapper
17:29:15 INFO  : Result from executing command 'getPlatforms': 
17:29:15 WARN  : An unexpected exception occurred in the module 'platform project logging'
17:29:16 INFO  : Platform 'gps_design_wrapper' is added to custom repositories.
17:29:34 INFO  : Platform 'gps_design_wrapper' is added to custom repositories.
17:31:21 INFO  : Result from executing command 'getProjects': gps_design_wrapper
17:31:21 INFO  : Result from executing command 'getPlatforms': gps_design_wrapper|C:/Users/johnr/Projects/EmbeddedSystems2_FinalProject/singlePmods/workspace_gps/gps_design_wrapper/export/gps_design_wrapper/gps_design_wrapper.xpfm
17:31:22 INFO  : Checking for BSP changes to sync application flags for project 'gps'...
17:32:37 INFO  : Checking for BSP changes to sync application flags for project 'gps'...
17:32:56 INFO  : Connected to target on host '127.0.0.1' and port '3121'.
17:32:57 INFO  : 'targets -set -filter {jtag_cable_name =~ "Digilent Zybo Z7 210351B100ECA" && level==0 && jtag_device_ctx=="jsn-Zybo Z7-210351B100ECA-13722093-0"}' command is executed.
17:32:58 INFO  : Device configured successfully with "C:/Users/johnr/Projects/EmbeddedSystems2_FinalProject/singlePmods/workspace_gps/gps/_ide/bitstream/gps_design_wrapper.bit"
17:33:05 INFO  : Connected to target on host '127.0.0.1' and port '3121'.
17:33:06 INFO  : Jtag cable 'Digilent Zybo Z7 210351B100ECA' is selected.
17:33:06 INFO  : 'jtag frequency' command is executed.
17:33:06 INFO  : Context for 'APU' is selected.
17:33:06 INFO  : System reset is completed.
17:33:09 INFO  : 'after 3000' command is executed.
17:33:09 INFO  : 'targets -set -filter {jtag_cable_name =~ "Digilent Zybo Z7 210351B100ECA" && level==0 && jtag_device_ctx=="jsn-Zybo Z7-210351B100ECA-13722093-0"}' command is executed.
17:33:11 INFO  : Device configured successfully with "C:/Users/johnr/Projects/EmbeddedSystems2_FinalProject/singlePmods/workspace_gps/gps/_ide/bitstream/gps_design_wrapper.bit"
17:33:11 INFO  : Context for 'APU' is selected.
17:33:11 INFO  : Hardware design and registers information is loaded from 'C:/Users/johnr/Projects/EmbeddedSystems2_FinalProject/singlePmods/workspace_gps/gps_design_wrapper/export/gps_design_wrapper/hw/gps_design_wrapper.xsa'.
17:33:11 INFO  : 'configparams force-mem-access 1' command is executed.
17:33:11 INFO  : Context for 'APU' is selected.
17:33:11 INFO  : Sourcing of 'C:/Users/johnr/Projects/EmbeddedSystems2_FinalProject/singlePmods/workspace_gps/gps/_ide/psinit/ps7_init.tcl' is done.
17:33:12 INFO  : 'ps7_init' command is executed.
17:33:12 INFO  : 'ps7_post_config' command is executed.
17:33:12 INFO  : Context for processor 'ps7_cortexa9_0' is selected.
17:33:13 INFO  : The application 'C:/Users/johnr/Projects/EmbeddedSystems2_FinalProject/singlePmods/workspace_gps/gps/Debug/gps.elf' is downloaded to processor 'ps7_cortexa9_0'.
17:33:13 INFO  : 'configparams force-mem-access 0' command is executed.
17:33:13 INFO  : ----------------XSDB Script----------------
connect -url tcp:127.0.0.1:3121
targets -set -nocase -filter {name =~"APU*"}
rst -system
after 3000
targets -set -filter {jtag_cable_name =~ "Digilent Zybo Z7 210351B100ECA" && level==0 && jtag_device_ctx=="jsn-Zybo Z7-210351B100ECA-13722093-0"}
fpga -file C:/Users/johnr/Projects/EmbeddedSystems2_FinalProject/singlePmods/workspace_gps/gps/_ide/bitstream/gps_design_wrapper.bit
targets -set -nocase -filter {name =~"APU*"}
loadhw -hw C:/Users/johnr/Projects/EmbeddedSystems2_FinalProject/singlePmods/workspace_gps/gps_design_wrapper/export/gps_design_wrapper/hw/gps_design_wrapper.xsa -mem-ranges [list {0x40000000 0xbfffffff}] -regs
configparams force-mem-access 1
targets -set -nocase -filter {name =~"APU*"}
source C:/Users/johnr/Projects/EmbeddedSystems2_FinalProject/singlePmods/workspace_gps/gps/_ide/psinit/ps7_init.tcl
ps7_init
ps7_post_config
targets -set -nocase -filter {name =~ "*A9*#0"}
dow C:/Users/johnr/Projects/EmbeddedSystems2_FinalProject/singlePmods/workspace_gps/gps/Debug/gps.elf
configparams force-mem-access 0
----------------End of Script----------------

17:33:13 INFO  : Context for processor 'ps7_cortexa9_0' is selected.
17:33:13 INFO  : 'con' command is executed.
17:33:13 INFO  : ----------------XSDB Script (After Launch)----------------
targets -set -nocase -filter {name =~ "*A9*#0"}
con
----------------End of Script----------------

17:33:13 INFO  : Launch script is exported to file 'C:\Users\johnr\Projects\EmbeddedSystems2_FinalProject\singlePmods\workspace_gps\gps_system\_ide\scripts\debugger_gps-default.tcl'
17:37:12 INFO  : Disconnected from the channel tcfchan#3.
17:37:13 INFO  : Connected to target on host '127.0.0.1' and port '3121'.
17:37:22 INFO  : ----------------XSDB Script----------------
connect -url tcp:127.0.0.1:3121
----------------End of Script----------------

17:37:22 ERROR : Could not find ARM device on the board for connection 'Local'.
Check if the target is in:
1. Split JTAG - No operations are possible with ARM DAP.
2. Non JTAG bootmode - Bootrom may need time to enable DAP.
Please try again.


Troubleshooting hints:
1. Check whether board is connected to system properly.
2. In case of zynq board, check whether Digilent/Xilinx cable switch settings are correct.
3. If you are using Xilinx Platform Cable USB, ensure that status LED is green.
17:37:30 INFO  : Connected to target on host '127.0.0.1' and port '3121'.
17:37:31 INFO  : Jtag cable 'Digilent Zybo Z7 210351B100ECA' is selected.
17:37:31 INFO  : 'jtag frequency' command is executed.
17:37:31 INFO  : Context for 'APU' is selected.
17:37:31 INFO  : System reset is completed.
17:37:34 INFO  : 'after 3000' command is executed.
17:37:34 INFO  : 'targets -set -filter {jtag_cable_name =~ "Digilent Zybo Z7 210351B100ECA" && level==0 && jtag_device_ctx=="jsn-Zybo Z7-210351B100ECA-13722093-0"}' command is executed.
17:37:35 INFO  : Device configured successfully with "C:/Users/johnr/Projects/EmbeddedSystems2_FinalProject/singlePmods/workspace_gps/gps/_ide/bitstream/gps_design_wrapper.bit"
17:37:35 INFO  : Context for 'APU' is selected.
17:37:35 INFO  : Hardware design and registers information is loaded from 'C:/Users/johnr/Projects/EmbeddedSystems2_FinalProject/singlePmods/workspace_gps/gps_design_wrapper/export/gps_design_wrapper/hw/gps_design_wrapper.xsa'.
17:37:35 INFO  : 'configparams force-mem-access 1' command is executed.
17:37:35 INFO  : Context for 'APU' is selected.
17:37:35 INFO  : Sourcing of 'C:/Users/johnr/Projects/EmbeddedSystems2_FinalProject/singlePmods/workspace_gps/gps/_ide/psinit/ps7_init.tcl' is done.
17:37:37 INFO  : 'ps7_init' command is executed.
17:37:37 INFO  : 'ps7_post_config' command is executed.
17:37:37 INFO  : Context for processor 'ps7_cortexa9_0' is selected.
17:37:37 INFO  : The application 'C:/Users/johnr/Projects/EmbeddedSystems2_FinalProject/singlePmods/workspace_gps/gps/Debug/gps.elf' is downloaded to processor 'ps7_cortexa9_0'.
17:37:37 INFO  : 'configparams force-mem-access 0' command is executed.
17:37:37 INFO  : ----------------XSDB Script----------------
connect -url tcp:127.0.0.1:3121
targets -set -nocase -filter {name =~"APU*"}
rst -system
after 3000
targets -set -filter {jtag_cable_name =~ "Digilent Zybo Z7 210351B100ECA" && level==0 && jtag_device_ctx=="jsn-Zybo Z7-210351B100ECA-13722093-0"}
fpga -file C:/Users/johnr/Projects/EmbeddedSystems2_FinalProject/singlePmods/workspace_gps/gps/_ide/bitstream/gps_design_wrapper.bit
targets -set -nocase -filter {name =~"APU*"}
loadhw -hw C:/Users/johnr/Projects/EmbeddedSystems2_FinalProject/singlePmods/workspace_gps/gps_design_wrapper/export/gps_design_wrapper/hw/gps_design_wrapper.xsa -mem-ranges [list {0x40000000 0xbfffffff}] -regs
configparams force-mem-access 1
targets -set -nocase -filter {name =~"APU*"}
source C:/Users/johnr/Projects/EmbeddedSystems2_FinalProject/singlePmods/workspace_gps/gps/_ide/psinit/ps7_init.tcl
ps7_init
ps7_post_config
targets -set -nocase -filter {name =~ "*A9*#0"}
dow C:/Users/johnr/Projects/EmbeddedSystems2_FinalProject/singlePmods/workspace_gps/gps/Debug/gps.elf
configparams force-mem-access 0
----------------End of Script----------------

17:37:38 INFO  : Context for processor 'ps7_cortexa9_0' is selected.
17:37:38 INFO  : 'con' command is executed.
17:37:38 INFO  : ----------------XSDB Script (After Launch)----------------
targets -set -nocase -filter {name =~ "*A9*#0"}
con
----------------End of Script----------------

17:37:38 INFO  : Launch script is exported to file 'C:\Users\johnr\Projects\EmbeddedSystems2_FinalProject\singlePmods\workspace_gps\gps_system\_ide\scripts\debugger_gps-default.tcl'
17:58:41 INFO  : Connected to target on host '127.0.0.1' and port '3121'.
17:58:42 INFO  : 'targets -set -filter {jtag_cable_name =~ "Digilent Zybo Z7 210351B100ECA" && level==0 && jtag_device_ctx=="jsn-Zybo Z7-210351B100ECA-13722093-0"}' command is executed.
17:58:43 INFO  : Device configured successfully with "C:/Users/johnr/Projects/EmbeddedSystems2_FinalProject/singlePmods/workspace_gps/gps/_ide/bitstream/gps_design_wrapper.bit"
17:58:59 INFO  : Disconnected from the channel tcfchan#4.
17:59:00 INFO  : Connected to target on host '127.0.0.1' and port '3121'.
17:59:09 INFO  : ----------------XSDB Script----------------
connect -url tcp:127.0.0.1:3121
----------------End of Script----------------

17:59:09 ERROR : Could not find ARM device on the board for connection 'Local'.
Check if the target is in:
1. Split JTAG - No operations are possible with ARM DAP.
2. Non JTAG bootmode - Bootrom may need time to enable DAP.
Please try again.


Troubleshooting hints:
1. Check whether board is connected to system properly.
2. In case of zynq board, check whether Digilent/Xilinx cable switch settings are correct.
3. If you are using Xilinx Platform Cable USB, ensure that status LED is green.
18:00:00 INFO  : Connected to target on host '127.0.0.1' and port '3121'.
18:00:01 INFO  : Jtag cable 'Digilent Zybo Z7 210351B100ECA' is selected.
18:00:01 INFO  : 'jtag frequency' command is executed.
18:00:01 INFO  : Context for 'APU' is selected.
18:00:01 INFO  : System reset is completed.
18:00:04 INFO  : 'after 3000' command is executed.
18:00:04 INFO  : 'targets -set -filter {jtag_cable_name =~ "Digilent Zybo Z7 210351B100ECA" && level==0 && jtag_device_ctx=="jsn-Zybo Z7-210351B100ECA-13722093-0"}' command is executed.
18:00:05 INFO  : Device configured successfully with "C:/Users/johnr/Projects/EmbeddedSystems2_FinalProject/singlePmods/workspace_gps/gps/_ide/bitstream/gps_design_wrapper.bit"
18:00:05 INFO  : Context for 'APU' is selected.
18:00:05 INFO  : Hardware design and registers information is loaded from 'C:/Users/johnr/Projects/EmbeddedSystems2_FinalProject/singlePmods/workspace_gps/gps_design_wrapper/export/gps_design_wrapper/hw/gps_design_wrapper.xsa'.
18:00:05 INFO  : 'configparams force-mem-access 1' command is executed.
18:00:05 INFO  : Context for 'APU' is selected.
18:00:05 INFO  : Sourcing of 'C:/Users/johnr/Projects/EmbeddedSystems2_FinalProject/singlePmods/workspace_gps/gps/_ide/psinit/ps7_init.tcl' is done.
18:00:06 INFO  : 'ps7_init' command is executed.
18:00:06 INFO  : 'ps7_post_config' command is executed.
18:00:06 INFO  : Context for processor 'ps7_cortexa9_0' is selected.
18:00:07 INFO  : The application 'C:/Users/johnr/Projects/EmbeddedSystems2_FinalProject/singlePmods/workspace_gps/gps/Debug/gps.elf' is downloaded to processor 'ps7_cortexa9_0'.
18:00:07 INFO  : 'configparams force-mem-access 0' command is executed.
18:00:07 INFO  : ----------------XSDB Script----------------
connect -url tcp:127.0.0.1:3121
targets -set -nocase -filter {name =~"APU*"}
rst -system
after 3000
targets -set -filter {jtag_cable_name =~ "Digilent Zybo Z7 210351B100ECA" && level==0 && jtag_device_ctx=="jsn-Zybo Z7-210351B100ECA-13722093-0"}
fpga -file C:/Users/johnr/Projects/EmbeddedSystems2_FinalProject/singlePmods/workspace_gps/gps/_ide/bitstream/gps_design_wrapper.bit
targets -set -nocase -filter {name =~"APU*"}
loadhw -hw C:/Users/johnr/Projects/EmbeddedSystems2_FinalProject/singlePmods/workspace_gps/gps_design_wrapper/export/gps_design_wrapper/hw/gps_design_wrapper.xsa -mem-ranges [list {0x40000000 0xbfffffff}] -regs
configparams force-mem-access 1
targets -set -nocase -filter {name =~"APU*"}
source C:/Users/johnr/Projects/EmbeddedSystems2_FinalProject/singlePmods/workspace_gps/gps/_ide/psinit/ps7_init.tcl
ps7_init
ps7_post_config
targets -set -nocase -filter {name =~ "*A9*#0"}
dow C:/Users/johnr/Projects/EmbeddedSystems2_FinalProject/singlePmods/workspace_gps/gps/Debug/gps.elf
configparams force-mem-access 0
----------------End of Script----------------

18:00:07 INFO  : Context for processor 'ps7_cortexa9_0' is selected.
18:00:07 INFO  : 'con' command is executed.
18:00:07 INFO  : ----------------XSDB Script (After Launch)----------------
targets -set -nocase -filter {name =~ "*A9*#0"}
con
----------------End of Script----------------

18:00:07 INFO  : Launch script is exported to file 'C:\Users\johnr\Projects\EmbeddedSystems2_FinalProject\singlePmods\workspace_gps\gps_system\_ide\scripts\debugger_gps-default.tcl'
18:30:12 INFO  : Disconnected from the channel tcfchan#5.
