14:24:47 INFO  : Platform repository initialization has completed.
14:24:47 INFO  : Launching XSCT server: xsct.bat -n  -interactive C:\Users\johnr\Projects\EmbeddedSystems2_FinalProject\workspace\temp_xsdb_launch_script.tcl
14:24:48 INFO  : Registering command handlers for Vitis TCF services
14:24:51 INFO  : XSCT server has started successfully.
14:24:51 INFO  : Successfully done setting XSCT server connection channel  
14:24:51 INFO  : plnx-install-location is set to ''
14:24:52 INFO  : Successfully done setting workspace for the tool. 
14:24:52 INFO  : Successfully done query RDI_DATADIR 
14:25:05 INFO  : Platform 'finalproject_design_wrapper' is added to custom repositories.
14:25:08 INFO  : [Import] Updating active build configuration of the system project 'jqc9_final_system' to 'Debug' after the import.
14:25:44 INFO  : Launching XSCT server: xsct.bat -n  -interactive C:\Users\johnr\Projects\EmbeddedSystems2_FinalProject\workspace\temp_xsdb_launch_script.tcl
14:25:46 INFO  : XSCT server has started successfully.
14:25:46 INFO  : plnx-install-location is set to ''
14:25:46 INFO  : Successfully done setting XSCT server connection channel  
14:25:46 INFO  : Successfully done setting workspace for the tool. 
14:25:46 INFO  : Platform repository initialization has completed.
14:25:47 INFO  : Successfully done query RDI_DATADIR 
14:25:47 INFO  : Registering command handlers for Vitis TCF services
15:00:13 INFO  : Launching XSCT server: xsct.bat -n  -interactive C:\Users\johnr\Projects\EmbeddedSystems2_FinalProject\workspace\temp_xsdb_launch_script.tcl
15:00:15 INFO  : XSCT server has started successfully.
15:00:15 INFO  : Successfully done setting XSCT server connection channel  
15:00:15 INFO  : plnx-install-location is set to ''
15:00:15 INFO  : Successfully done setting workspace for the tool. 
15:00:16 INFO  : Platform repository initialization has completed.
15:00:16 INFO  : Successfully done query RDI_DATADIR 
15:00:16 INFO  : Registering command handlers for Vitis TCF services
